mode: set
github.com/renoinn/shouldupdate/checker.go:23.90,24.43 1 1
github.com/renoinn/shouldupdate/checker.go:24.43,26.3 1 1
github.com/renoinn/shouldupdate/checker.go:28.2,29.22 2 1
github.com/renoinn/shouldupdate/checker.go:29.22,31.3 1 1
github.com/renoinn/shouldupdate/checker.go:33.2,37.16 4 1
github.com/renoinn/shouldupdate/checker.go:37.16,39.3 1 0
github.com/renoinn/shouldupdate/checker.go:40.2,44.16 4 1
github.com/renoinn/shouldupdate/checker.go:44.16,46.3 1 1
github.com/renoinn/shouldupdate/checker.go:47.2,49.38 2 1
github.com/renoinn/shouldupdate/checker.go:49.38,57.94 4 1
github.com/renoinn/shouldupdate/checker.go:57.94,59.38 2 0
github.com/renoinn/shouldupdate/checker.go:59.38,61.5 1 0
github.com/renoinn/shouldupdate/checker.go:62.9,65.4 1 1
github.com/renoinn/shouldupdate/checker.go:66.3,66.43 1 1
github.com/renoinn/shouldupdate/checker.go:69.2,70.72 2 1
github.com/renoinn/shouldupdate/checker.go:70.72,72.3 1 1
github.com/renoinn/shouldupdate/checker.go:74.2,74.31 1 1
github.com/renoinn/shouldupdate/checker.go:74.31,76.3 1 1
github.com/renoinn/shouldupdate/checker.go:79.2,80.21 2 1
github.com/renoinn/shouldupdate/config.go:18.35,20.55 2 1
github.com/renoinn/shouldupdate/config.go:20.55,24.3 2 1
github.com/renoinn/shouldupdate/config.go:27.2,28.16 2 1
github.com/renoinn/shouldupdate/config.go:28.16,32.3 2 0
github.com/renoinn/shouldupdate/config.go:35.2,35.54 1 1
github.com/renoinn/shouldupdate/config.go:35.54,39.3 2 0
github.com/renoinn/shouldupdate/config.go:42.2,42.20 1 1
github.com/renoinn/shouldupdate/config.go:46.38,49.16 2 1
github.com/renoinn/shouldupdate/config.go:49.16,52.3 2 0
github.com/renoinn/shouldupdate/config.go:56.2,57.16 2 1
github.com/renoinn/shouldupdate/config.go:57.16,60.3 2 0
github.com/renoinn/shouldupdate/config.go:63.2,63.12 1 1
github.com/renoinn/shouldupdate/main.go:13.13,21.24 5 0
github.com/renoinn/shouldupdate/main.go:21.24,24.3 2 0
github.com/renoinn/shouldupdate/main.go:25.2,25.27 1 0
github.com/renoinn/shouldupdate/main.go:25.27,28.3 2 0
github.com/renoinn/shouldupdate/main.go:29.2,29.25 1 0
github.com/renoinn/shouldupdate/main.go:29.25,31.3 1 0
github.com/renoinn/shouldupdate/main.go:32.2,32.26 1 0
github.com/renoinn/shouldupdate/main.go:32.26,36.3 3 0
github.com/renoinn/shouldupdate/main.go:38.2,38.22 1 0
github.com/renoinn/shouldupdate/main.go:38.22,41.3 2 0
github.com/renoinn/shouldupdate/main.go:43.2,43.20 1 0
github.com/renoinn/shouldupdate/main.go:44.13,46.29 2 0
github.com/renoinn/shouldupdate/main.go:46.29,50.4 3 0
github.com/renoinn/shouldupdate/main.go:51.3,53.36 3 0
github.com/renoinn/shouldupdate/main.go:54.16,56.32 2 0
github.com/renoinn/shouldupdate/main.go:56.32,60.4 3 0
github.com/renoinn/shouldupdate/main.go:61.3,62.27 2 0
github.com/renoinn/shouldupdate/main.go:63.14,65.30 2 0
github.com/renoinn/shouldupdate/main.go:65.30,69.4 3 0
github.com/renoinn/shouldupdate/main.go:70.3,70.18 1 0
github.com/renoinn/shouldupdate/main.go:71.15,74.31 3 0
github.com/renoinn/shouldupdate/main.go:74.31,78.4 3 0
github.com/renoinn/shouldupdate/main.go:79.3,79.32 1 0
github.com/renoinn/shouldupdate/main.go:79.32,81.4 1 0
github.com/renoinn/shouldupdate/main.go:82.3,82.30 1 0
github.com/renoinn/shouldupdate/main.go:83.10,86.13 3 0
github.com/renoinn/shouldupdate/main.go:90.26,100.2 7 0
github.com/renoinn/shouldupdate/main.go:102.54,104.16 2 1
github.com/renoinn/shouldupdate/main.go:104.16,107.3 2 0
github.com/renoinn/shouldupdate/main.go:109.2,113.16 4 1
github.com/renoinn/shouldupdate/main.go:113.16,116.3 2 0
github.com/renoinn/shouldupdate/main.go:118.2,118.12 1 1
github.com/renoinn/shouldupdate/main.go:118.12,123.3 1 1
github.com/renoinn/shouldupdate/main.go:123.8,127.3 1 1
github.com/renoinn/shouldupdate/main.go:130.38,132.16 2 1
github.com/renoinn/shouldupdate/main.go:132.16,135.3 2 0
github.com/renoinn/shouldupdate/main.go:137.2,137.43 1 1
github.com/renoinn/shouldupdate/main.go:137.43,140.3 2 1
github.com/renoinn/shouldupdate/main.go:142.2,145.16 3 1
github.com/renoinn/shouldupdate/main.go:145.16,148.3 2 0
github.com/renoinn/shouldupdate/main.go:149.2,149.77 1 1
github.com/renoinn/shouldupdate/main.go:152.22,154.16 2 1
github.com/renoinn/shouldupdate/main.go:154.16,157.3 2 0
github.com/renoinn/shouldupdate/main.go:159.2,159.22 1 1
github.com/renoinn/shouldupdate/main.go:159.22,162.3 2 1
github.com/renoinn/shouldupdate/main.go:164.2,168.30 3 1
github.com/renoinn/shouldupdate/main.go:168.30,170.3 1 1
github.com/renoinn/shouldupdate/main.go:171.2,173.41 2 1
github.com/renoinn/shouldupdate/main.go:173.41,178.3 2 1
github.com/renoinn/shouldupdate/main.go:181.41,183.16 2 1
github.com/renoinn/shouldupdate/main.go:183.16,186.3 2 0
github.com/renoinn/shouldupdate/main.go:188.2,188.22 1 1
github.com/renoinn/shouldupdate/main.go:188.22,191.3 2 1
github.com/renoinn/shouldupdate/main.go:193.2,193.23 1 1
github.com/renoinn/shouldupdate/main.go:193.23,195.14 2 1
github.com/renoinn/shouldupdate/main.go:195.14,198.4 2 1
github.com/renoinn/shouldupdate/main.go:199.3,199.47 1 1
github.com/renoinn/shouldupdate/main.go:200.8,202.47 2 1
github.com/renoinn/shouldupdate/main.go:202.47,204.4 1 1
github.com/renoinn/shouldupdate/main.go:208.54,209.37 1 1
github.com/renoinn/shouldupdate/main.go:209.37,212.3 2 1
github.com/renoinn/shouldupdate/main.go:215.2,217.16 3 1
github.com/renoinn/shouldupdate/main.go:217.16,223.3 3 1
github.com/renoinn/shouldupdate/main.go:225.2,225.37 1 1
github.com/renoinn/shouldupdate/main.go:225.37,232.3 1 1
github.com/renoinn/shouldupdate/main.go:232.8,234.16 2 1
github.com/renoinn/shouldupdate/main.go:234.16,241.4 1 1
github.com/renoinn/shouldupdate/main.go:241.9,248.4 1 1
github.com/renoinn/shouldupdate/ui.go:42.53,44.2 1 1
github.com/renoinn/shouldupdate/ui.go:48.50,51.2 2 1
github.com/renoinn/shouldupdate/ui.go:55.52,58.2 2 1
github.com/renoinn/shouldupdate/ui.go:62.49,65.2 2 1
github.com/renoinn/shouldupdate/ui.go:70.52,74.2 2 1
github.com/renoinn/shouldupdate/ui.go:78.51,82.2 2 1
github.com/renoinn/shouldupdate/ui.go:85.57,89.2 2 0
